<?xml version="1.0" encoding="UTF-8"?>
<coverage generated="1762979472250" clover="3.2.0">
  <project timestamp="1762979472250" name="All files">
    <metrics statements="235" coveredstatements="217" conditionals="107" coveredconditionals="95" methods="22" coveredmethods="21" elements="364" coveredelements="333" complexity="0" loc="235" ncloc="235" packages="5" files="8" classes="8"/>
    <package name="controllers">
      <metrics statements="142" coveredstatements="130" conditionals="62" coveredconditionals="59" methods="13" coveredmethods="13"/>
      <file name="todoController.js" path="/Users/brandonkates/mern-project/server/controllers/todoController.js">
        <metrics statements="62" coveredstatements="52" conditionals="44" coveredconditionals="41" methods="6" coveredmethods="6"/>
        <line num="4" count="2" type="stmt"/>
        <line num="5" count="7" type="cond" truecount="4" falsecount="0"/>
        <line num="6" count="1" type="stmt"/>
        <line num="18" count="6" type="stmt"/>
        <line num="20" count="6" type="cond" truecount="4" falsecount="0"/>
        <line num="21" count="3" type="stmt"/>
        <line num="24" count="3" type="stmt"/>
        <line num="25" count="3" type="stmt"/>
        <line num="37" count="3" type="stmt"/>
        <line num="39" count="0" type="stmt"/>
        <line num="43" count="2" type="stmt"/>
        <line num="44" count="6" type="cond" truecount="4" falsecount="0"/>
        <line num="45" count="1" type="stmt"/>
        <line num="48" count="5" type="stmt"/>
        <line num="50" count="5" type="cond" truecount="2" falsecount="0"/>
        <line num="51" count="1" type="stmt"/>
        <line num="54" count="4" type="stmt"/>
        <line num="55" count="4" type="stmt"/>
        <line num="57" count="4" type="cond" truecount="2" falsecount="0"/>
        <line num="58" count="2" type="stmt"/>
        <line num="61" count="2" type="stmt"/>
        <line num="63" count="0" type="stmt"/>
        <line num="67" count="2" type="stmt"/>
        <line num="68" count="4" type="cond" truecount="4" falsecount="0"/>
        <line num="69" count="1" type="stmt"/>
        <line num="72" count="3" type="stmt"/>
        <line num="74" count="3" type="cond" truecount="1" falsecount="1"/>
        <line num="75" count="0" type="stmt"/>
        <line num="78" count="3" type="stmt"/>
        <line num="79" count="3" type="stmt"/>
        <line num="80" count="3" type="stmt"/>
        <line num="81" count="3" type="stmt"/>
        <line num="82" count="3" type="cond" truecount="4" falsecount="0"/>
        <line num="83" count="2" type="stmt"/>
        <line num="85" count="3" type="stmt"/>
        <line num="87" count="0" type="stmt"/>
        <line num="90" count="2" type="stmt"/>
        <line num="91" count="4" type="cond" truecount="3" falsecount="1"/>
        <line num="92" count="0" type="stmt"/>
        <line num="95" count="4" type="stmt"/>
        <line num="96" count="4" type="cond" truecount="2" falsecount="0"/>
        <line num="97" count="1" type="stmt"/>
        <line num="100" count="3" type="stmt"/>
        <line num="101" count="3" type="stmt"/>
        <line num="107" count="3" type="cond" truecount="2" falsecount="0"/>
        <line num="109" count="2" type="stmt"/>
        <line num="111" count="0" type="stmt"/>
        <line num="114" count="2" type="stmt"/>
        <line num="115" count="4" type="cond" truecount="3" falsecount="1"/>
        <line num="116" count="0" type="stmt"/>
        <line num="119" count="4" type="stmt"/>
        <line num="120" count="4" type="stmt"/>
        <line num="121" count="4" type="stmt"/>
        <line num="123" count="0" type="stmt"/>
        <line num="127" count="2" type="stmt"/>
        <line num="128" count="2" type="stmt"/>
        <line num="129" count="2" type="stmt"/>
        <line num="131" count="2" type="stmt"/>
        <line num="133" count="2" type="stmt"/>
        <line num="138" count="2" type="stmt"/>
        <line num="140" count="0" type="stmt"/>
        <line num="141" count="0" type="stmt"/>
      </file>
      <file name="userController.js" path="/Users/brandonkates/mern-project/server/controllers/userController.js">
        <metrics statements="80" coveredstatements="78" conditionals="18" coveredconditionals="18" methods="7" coveredmethods="7"/>
        <line num="6" count="2" type="stmt"/>
        <line num="7" count="3" type="stmt"/>
        <line num="10" count="2" type="cond" truecount="2" falsecount="0"/>
        <line num="11" count="2" type="cond" truecount="2" falsecount="0"/>
        <line num="12" count="6" type="stmt"/>
        <line num="14" count="2" type="stmt"/>
        <line num="15" count="8" type="stmt"/>
        <line num="17" count="8" type="stmt"/>
        <line num="18" count="8" type="stmt"/>
        <line num="20" count="3" type="stmt"/>
        <line num="22" count="3" type="stmt"/>
        <line num="24" count="5" type="stmt"/>
        <line num="28" count="2" type="stmt"/>
        <line num="29" count="8" type="stmt"/>
        <line num="31" count="8" type="stmt"/>
        <line num="32" count="8" type="stmt"/>
        <line num="33" count="3" type="stmt"/>
        <line num="34" count="3" type="stmt"/>
        <line num="36" count="3" type="stmt"/>
        <line num="39" count="3" type="stmt"/>
        <line num="46" count="3" type="stmt"/>
        <line num="47" count="3" type="stmt"/>
        <line num="54" count="1" type="stmt"/>
        <line num="55" count="1" type="stmt"/>
        <line num="56" count="1" type="stmt"/>
        <line num="57" count="1" type="stmt"/>
        <line num="58" count="1" type="stmt"/>
        <line num="63" count="2" type="stmt"/>
        <line num="68" count="6" type="stmt"/>
        <line num="72" count="2" type="stmt"/>
        <line num="73" count="5" type="stmt"/>
        <line num="75" count="5" type="cond" truecount="2" falsecount="0"/>
        <line num="76" count="1" type="stmt"/>
        <line num="81" count="4" type="stmt"/>
        <line num="82" count="4" type="stmt"/>
        <line num="87" count="4" type="stmt"/>
        <line num="92" count="4" type="cond" truecount="2" falsecount="0"/>
        <line num="93" count="2" type="stmt"/>
        <line num="98" count="2" type="stmt"/>
        <line num="99" count="2" type="stmt"/>
        <line num="100" count="2" type="stmt"/>
        <line num="101" count="2" type="stmt"/>
        <line num="103" count="2" type="stmt"/>
        <line num="105" count="0" type="stmt"/>
        <line num="109" count="2" type="stmt"/>
        <line num="110" count="5" type="stmt"/>
        <line num="112" count="5" type="cond" truecount="2" falsecount="0"/>
        <line num="113" count="1" type="stmt"/>
        <line num="116" count="4" type="stmt"/>
        <line num="117" count="4" type="stmt"/>
        <line num="119" count="4" type="cond" truecount="2" falsecount="0"/>
        <line num="120" count="1" type="stmt"/>
        <line num="126" count="3" type="stmt"/>
        <line num="127" count="3" type="stmt"/>
        <line num="129" count="3" type="stmt"/>
        <line num="132" count="3" type="stmt"/>
        <line num="139" count="3" type="stmt"/>
        <line num="140" count="3" type="stmt"/>
        <line num="147" count="1" type="stmt"/>
        <line num="148" count="1" type="stmt"/>
        <line num="149" count="1" type="stmt"/>
        <line num="150" count="1" type="stmt"/>
        <line num="151" count="1" type="stmt"/>
        <line num="157" count="2" type="stmt"/>
        <line num="162" count="0" type="stmt"/>
        <line num="166" count="2" type="stmt"/>
        <line num="167" count="7" type="stmt"/>
        <line num="169" count="7" type="cond" truecount="4" falsecount="0"/>
        <line num="170" count="2" type="stmt"/>
        <line num="175" count="5" type="stmt"/>
        <line num="176" count="5" type="stmt"/>
        <line num="181" count="5" type="stmt"/>
        <line num="186" count="5" type="cond" truecount="2" falsecount="0"/>
        <line num="187" count="2" type="stmt"/>
        <line num="192" count="3" type="stmt"/>
        <line num="193" count="2" type="stmt"/>
        <line num="194" count="2" type="stmt"/>
        <line num="195" count="2" type="stmt"/>
        <line num="197" count="2" type="stmt"/>
        <line num="201" count="1" type="stmt"/>
      </file>
    </package>
    <package name="middleware">
      <metrics statements="13" coveredstatements="13" conditionals="6" coveredconditionals="6" methods="1" coveredmethods="1"/>
      <file name="requireAuth.js" path="/Users/brandonkates/mern-project/server/middleware/requireAuth.js">
        <metrics statements="13" coveredstatements="13" conditionals="6" coveredconditionals="6" methods="1" coveredmethods="1"/>
        <line num="4" count="2" type="stmt"/>
        <line num="5" count="11" type="stmt"/>
        <line num="7" count="11" type="cond" truecount="4" falsecount="0"/>
        <line num="8" count="3" type="stmt"/>
        <line num="11" count="8" type="stmt"/>
        <line num="13" count="8" type="stmt"/>
        <line num="14" count="8" type="stmt"/>
        <line num="15" count="7" type="stmt"/>
        <line num="17" count="7" type="cond" truecount="2" falsecount="0"/>
        <line num="18" count="1" type="stmt"/>
        <line num="21" count="6" type="stmt"/>
        <line num="22" count="6" type="stmt"/>
        <line num="24" count="1" type="stmt"/>
      </file>
    </package>
    <package name="models">
      <metrics statements="46" coveredstatements="46" conditionals="22" coveredconditionals="22" methods="5" coveredmethods="5"/>
      <file name="todoModel.js" path="/Users/brandonkates/mern-project/server/models/todoModel.js">
        <metrics statements="2" coveredstatements="2" conditionals="0" coveredconditionals="0" methods="0" coveredmethods="0"/>
        <line num="3" count="3" type="stmt"/>
        <line num="5" count="3" type="stmt"/>
      </file>
      <file name="userModel.js" path="/Users/brandonkates/mern-project/server/models/userModel.js">
        <metrics statements="44" coveredstatements="44" conditionals="22" coveredconditionals="22" methods="5" coveredmethods="5"/>
        <line num="6" count="5" type="stmt"/>
        <line num="8" count="5" type="stmt"/>
        <line num="31" count="5" type="stmt"/>
        <line num="32" count="53" type="cond" truecount="4" falsecount="0"/>
        <line num="33" count="4" type="stmt"/>
        <line num="35" count="49" type="cond" truecount="2" falsecount="0"/>
        <line num="36" count="2" type="stmt"/>
        <line num="38" count="47" type="cond" truecount="2" falsecount="0"/>
        <line num="39" count="2" type="stmt"/>
        <line num="42" count="45" type="stmt"/>
        <line num="43" count="45" type="cond" truecount="2" falsecount="0"/>
        <line num="44" count="2" type="stmt"/>
        <line num="47" count="43" type="stmt"/>
        <line num="48" count="43" type="stmt"/>
        <line num="50" count="43" type="stmt"/>
        <line num="52" count="43" type="stmt"/>
        <line num="55" count="5" type="stmt"/>
        <line num="56" count="15" type="cond" truecount="4" falsecount="0"/>
        <line num="57" count="4" type="stmt"/>
        <line num="60" count="11" type="stmt"/>
        <line num="61" count="11" type="cond" truecount="2" falsecount="0"/>
        <line num="62" count="2" type="stmt"/>
        <line num="65" count="9" type="stmt"/>
        <line num="67" count="9" type="cond" truecount="2" falsecount="0"/>
        <line num="68" count="2" type="stmt"/>
        <line num="71" count="7" type="cond" truecount="2" falsecount="0"/>
        <line num="72" count="2" type="stmt"/>
        <line num="75" count="5" type="stmt"/>
        <line num="78" count="5" type="stmt"/>
        <line num="79" count="9" type="stmt"/>
        <line num="80" count="9" type="stmt"/>
        <line num="84" count="9" type="stmt"/>
        <line num="85" count="9" type="stmt"/>
        <line num="86" count="9" type="stmt"/>
        <line num="89" count="5" type="stmt"/>
        <line num="90" count="11" type="stmt"/>
        <line num="91" count="11" type="stmt"/>
        <line num="95" count="11" type="stmt"/>
        <line num="96" count="11" type="stmt"/>
        <line num="99" count="5" type="stmt"/>
        <line num="100" count="5" type="cond" truecount="2" falsecount="0"/>
        <line num="101" count="2" type="stmt"/>
        <line num="103" count="3" type="stmt"/>
        <line num="104" count="3" type="stmt"/>
      </file>
    </package>
    <package name="routes">
      <metrics statements="16" coveredstatements="16" conditionals="0" coveredconditionals="0" methods="0" coveredmethods="0"/>
      <file name="todo.js" path="/Users/brandonkates/mern-project/server/routes/todo.js">
        <metrics statements="9" coveredstatements="9" conditionals="0" coveredconditionals="0" methods="0" coveredmethods="0"/>
        <line num="5" count="1" type="stmt"/>
        <line num="7" count="1" type="stmt"/>
        <line num="9" count="1" type="stmt"/>
        <line num="11" count="1" type="stmt"/>
        <line num="13" count="1" type="stmt"/>
        <line num="14" count="1" type="stmt"/>
        <line num="15" count="1" type="stmt"/>
        <line num="16" count="1" type="stmt"/>
        <line num="17" count="1" type="stmt"/>
      </file>
      <file name="user.js" path="/Users/brandonkates/mern-project/server/routes/user.js">
        <metrics statements="7" coveredstatements="7" conditionals="0" coveredconditionals="0" methods="0" coveredmethods="0"/>
        <line num="10" count="1" type="stmt"/>
        <line num="12" count="1" type="stmt"/>
        <line num="14" count="1" type="stmt"/>
        <line num="16" count="1" type="stmt"/>
        <line num="18" count="1" type="stmt"/>
        <line num="20" count="1" type="stmt"/>
        <line num="22" count="1" type="stmt"/>
      </file>
    </package>
    <package name="utils">
      <metrics statements="18" coveredstatements="12" conditionals="17" coveredconditionals="8" methods="3" coveredmethods="2"/>
      <file name="sendEmail.js" path="/Users/brandonkates/mern-project/server/utils/sendEmail.js">
        <metrics statements="18" coveredstatements="12" conditionals="17" coveredconditionals="8" methods="3" coveredmethods="2"/>
        <line num="5" count="1" type="stmt"/>
        <line num="6" count="2" type="cond" truecount="1" falsecount="1"/>
        <line num="7" count="0" type="stmt"/>
        <line num="11" count="2" type="stmt"/>
        <line num="13" count="2" type="cond" truecount="3" falsecount="1"/>
        <line num="14" count="2" type="stmt"/>
        <line num="19" count="0" type="stmt"/>
        <line num="32" count="0" type="stmt"/>
        <line num="35" count="1" type="stmt"/>
        <line num="36" count="0" type="stmt"/>
        <line num="37" count="0" type="cond" truecount="0" falsecount="3"/>
        <line num="40" count="1" type="stmt"/>
        <line num="41" count="4" type="cond" truecount="2" falsecount="0"/>
        <line num="42" count="1" type="stmt"/>
        <line num="44" count="3" type="cond" truecount="2" falsecount="0"/>
        <line num="45" count="1" type="stmt"/>
        <line num="48" count="2" type="stmt"/>
        <line num="50" count="0" type="stmt"/>
      </file>
    </package>
  </project>
</coverage>
