{"/Users/brandonkates/mern-project/server/controllers/todoController.js": {"path":"/Users/brandonkates/mern-project/server/controllers/todoController.js","statementMap":{"0":{"start":{"line":4,"column":19},"end":{"line":41,"column":1}},"1":{"start":{"line":5,"column":1},"end":{"line":7,"column":2}},"2":{"start":{"line":6,"column":2},"end":{"line":6,"column":68}},"3":{"start":{"line":18,"column":5},"end":{"line":18,"column":13}},"4":{"start":{"line":20,"column":1},"end":{"line":22,"column":2}},"5":{"start":{"line":21,"column":2},"end":{"line":21,"column":71}},"6":{"start":{"line":24,"column":1},"end":{"line":40,"column":2}},"7":{"start":{"line":25,"column":15},"end":{"line":35,"column":4}},"8":{"start":{"line":37,"column":2},"end":{"line":37,"column":29}},"9":{"start":{"line":39,"column":2},"end":{"line":39,"column":47}},"10":{"start":{"line":43,"column":19},"end":{"line":65,"column":1}},"11":{"start":{"line":44,"column":1},"end":{"line":46,"column":2}},"12":{"start":{"line":45,"column":2},"end":{"line":45,"column":68}},"13":{"start":{"line":48,"column":16},"end":{"line":48,"column":26}},"14":{"start":{"line":50,"column":1},"end":{"line":52,"column":2}},"15":{"start":{"line":51,"column":2},"end":{"line":51,"column":60}},"16":{"start":{"line":54,"column":1},"end":{"line":64,"column":2}},"17":{"start":{"line":55,"column":15},"end":{"line":55,"column":75}},"18":{"start":{"line":57,"column":2},"end":{"line":59,"column":3}},"19":{"start":{"line":58,"column":3},"end":{"line":58,"column":60}},"20":{"start":{"line":61,"column":2},"end":{"line":61,"column":58}},"21":{"start":{"line":63,"column":2},"end":{"line":63,"column":47}},"22":{"start":{"line":67,"column":23},"end":{"line":89,"column":1}},"23":{"start":{"line":68,"column":1},"end":{"line":70,"column":2}},"24":{"start":{"line":69,"column":2},"end":{"line":69,"column":68}},"25":{"start":{"line":72,"column":17},"end":{"line":72,"column":32}},"26":{"start":{"line":74,"column":1},"end":{"line":76,"column":2}},"27":{"start":{"line":75,"column":2},"end":{"line":75,"column":61}},"28":{"start":{"line":78,"column":1},"end":{"line":88,"column":2}},"29":{"start":{"line":79,"column":15},"end":{"line":79,"column":42}},"30":{"start":{"line":80,"column":16},"end":{"line":80,"column":84}},"31":{"start":{"line":81,"column":20},"end":{"line":81,"column":21}},"32":{"start":{"line":82,"column":4},"end":{"line":84,"column":5}},"33":{"start":{"line":83,"column":6},"end":{"line":83,"column":41}},"34":{"start":{"line":85,"column":2},"end":{"line":85,"column":30}},"35":{"start":{"line":87,"column":2},"end":{"line":87,"column":47}},"36":{"start":{"line":90,"column":19},"end":{"line":113,"column":1}},"37":{"start":{"line":91,"column":2},"end":{"line":93,"column":3}},"38":{"start":{"line":92,"column":4},"end":{"line":92,"column":70}},"39":{"start":{"line":95,"column":17},"end":{"line":95,"column":27}},"40":{"start":{"line":96,"column":2},"end":{"line":98,"column":3}},"41":{"start":{"line":97,"column":4},"end":{"line":97,"column":62}},"42":{"start":{"line":100,"column":2},"end":{"line":112,"column":3}},"43":{"start":{"line":101,"column":17},"end":{"line":105,"column":5}},"44":{"start":{"line":107,"column":4},"end":{"line":107,"column":72}},"45":{"start":{"line":107,"column":15},"end":{"line":107,"column":72}},"46":{"start":{"line":109,"column":4},"end":{"line":109,"column":31}},"47":{"start":{"line":111,"column":4},"end":{"line":111,"column":49}},"48":{"start":{"line":114,"column":20},"end":{"line":125,"column":1}},"49":{"start":{"line":115,"column":2},"end":{"line":117,"column":3}},"50":{"start":{"line":116,"column":4},"end":{"line":116,"column":70}},"51":{"start":{"line":119,"column":2},"end":{"line":124,"column":3}},"52":{"start":{"line":120,"column":18},"end":{"line":120,"column":75}},"53":{"start":{"line":121,"column":4},"end":{"line":121,"column":32}},"54":{"start":{"line":123,"column":4},"end":{"line":123,"column":49}},"55":{"start":{"line":127,"column":23},"end":{"line":143,"column":1}},"56":{"start":{"line":128,"column":19},"end":{"line":128,"column":29}},"57":{"start":{"line":129,"column":26},"end":{"line":129,"column":34}},"58":{"start":{"line":131,"column":2},"end":{"line":142,"column":3}},"59":{"start":{"line":133,"column":4},"end":{"line":136,"column":6}},"60":{"start":{"line":138,"column":4},"end":{"line":138,"column":45}},"61":{"start":{"line":140,"column":4},"end":{"line":140,"column":54}},"62":{"start":{"line":141,"column":4},"end":{"line":141,"column":66}}},"fnMap":{"0":{"name":"(anonymous_0)","decl":{"start":{"line":4,"column":19},"end":{"line":4,"column":20}},"loc":{"start":{"line":4,"column":39},"end":{"line":41,"column":1}},"line":4},"1":{"name":"(anonymous_1)","decl":{"start":{"line":43,"column":19},"end":{"line":43,"column":20}},"loc":{"start":{"line":43,"column":39},"end":{"line":65,"column":1}},"line":43},"2":{"name":"(anonymous_2)","decl":{"start":{"line":67,"column":23},"end":{"line":67,"column":24}},"loc":{"start":{"line":67,"column":43},"end":{"line":89,"column":1}},"line":67},"3":{"name":"(anonymous_3)","decl":{"start":{"line":90,"column":19},"end":{"line":90,"column":20}},"loc":{"start":{"line":90,"column":39},"end":{"line":113,"column":1}},"line":90},"4":{"name":"(anonymous_4)","decl":{"start":{"line":114,"column":20},"end":{"line":114,"column":21}},"loc":{"start":{"line":114,"column":40},"end":{"line":125,"column":1}},"line":114},"5":{"name":"(anonymous_5)","decl":{"start":{"line":127,"column":23},"end":{"line":127,"column":24}},"loc":{"start":{"line":127,"column":43},"end":{"line":143,"column":1}},"line":127}},"branchMap":{"0":{"loc":{"start":{"line":5,"column":1},"end":{"line":7,"column":2}},"type":"if","locations":[{"start":{"line":5,"column":1},"end":{"line":7,"column":2}},{"start":{},"end":{}}],"line":5},"1":{"loc":{"start":{"line":5,"column":5},"end":{"line":5,"column":31}},"type":"binary-expr","locations":[{"start":{"line":5,"column":5},"end":{"line":5,"column":14}},{"start":{"line":5,"column":18},"end":{"line":5,"column":31}}],"line":5},"2":{"loc":{"start":{"line":12,"column":2},"end":{"line":12,"column":15}},"type":"default-arg","locations":[{"start":{"line":12,"column":13},"end":{"line":12,"column":15}}],"line":12},"3":{"loc":{"start":{"line":13,"column":2},"end":{"line":13,"column":12}},"type":"default-arg","locations":[{"start":{"line":13,"column":11},"end":{"line":13,"column":12}}],"line":13},"4":{"loc":{"start":{"line":14,"column":2},"end":{"line":14,"column":17}},"type":"default-arg","locations":[{"start":{"line":14,"column":12},"end":{"line":14,"column":17}}],"line":14},"5":{"loc":{"start":{"line":15,"column":2},"end":{"line":15,"column":10}},"type":"default-arg","locations":[{"start":{"line":15,"column":9},"end":{"line":15,"column":10}}],"line":15},"6":{"loc":{"start":{"line":16,"column":2},"end":{"line":16,"column":11}},"type":"default-arg","locations":[{"start":{"line":16,"column":9},"end":{"line":16,"column":11}}],"line":16},"7":{"loc":{"start":{"line":17,"column":2},"end":{"line":17,"column":13}},"type":"default-arg","locations":[{"start":{"line":17,"column":11},"end":{"line":17,"column":13}}],"line":17},"8":{"loc":{"start":{"line":20,"column":1},"end":{"line":22,"column":2}},"type":"if","locations":[{"start":{"line":20,"column":1},"end":{"line":22,"column":2}},{"start":{},"end":{}}],"line":20},"9":{"loc":{"start":{"line":20,"column":5},"end":{"line":20,"column":19}},"type":"binary-expr","locations":[{"start":{"line":20,"column":5},"end":{"line":20,"column":10}},{"start":{"line":20,"column":14},"end":{"line":20,"column":19}}],"line":20},"10":{"loc":{"start":{"line":44,"column":1},"end":{"line":46,"column":2}},"type":"if","locations":[{"start":{"line":44,"column":1},"end":{"line":46,"column":2}},{"start":{},"end":{}}],"line":44},"11":{"loc":{"start":{"line":44,"column":5},"end":{"line":44,"column":31}},"type":"binary-expr","locations":[{"start":{"line":44,"column":5},"end":{"line":44,"column":14}},{"start":{"line":44,"column":18},"end":{"line":44,"column":31}}],"line":44},"12":{"loc":{"start":{"line":50,"column":1},"end":{"line":52,"column":2}},"type":"if","locations":[{"start":{"line":50,"column":1},"end":{"line":52,"column":2}},{"start":{},"end":{}}],"line":50},"13":{"loc":{"start":{"line":57,"column":2},"end":{"line":59,"column":3}},"type":"if","locations":[{"start":{"line":57,"column":2},"end":{"line":59,"column":3}},{"start":{},"end":{}}],"line":57},"14":{"loc":{"start":{"line":68,"column":1},"end":{"line":70,"column":2}},"type":"if","locations":[{"start":{"line":68,"column":1},"end":{"line":70,"column":2}},{"start":{},"end":{}}],"line":68},"15":{"loc":{"start":{"line":68,"column":5},"end":{"line":68,"column":31}},"type":"binary-expr","locations":[{"start":{"line":68,"column":5},"end":{"line":68,"column":14}},{"start":{"line":68,"column":18},"end":{"line":68,"column":31}}],"line":68},"16":{"loc":{"start":{"line":74,"column":1},"end":{"line":76,"column":2}},"type":"if","locations":[{"start":{"line":74,"column":1},"end":{"line":76,"column":2}},{"start":{},"end":{}}],"line":74},"17":{"loc":{"start":{"line":82,"column":4},"end":{"line":84,"column":5}},"type":"if","locations":[{"start":{"line":82,"column":4},"end":{"line":84,"column":5}},{"start":{},"end":{}}],"line":82},"18":{"loc":{"start":{"line":82,"column":8},"end":{"line":82,"column":62}},"type":"binary-expr","locations":[{"start":{"line":82,"column":8},"end":{"line":82,"column":24}},{"start":{"line":82,"column":28},"end":{"line":82,"column":62}}],"line":82},"19":{"loc":{"start":{"line":91,"column":2},"end":{"line":93,"column":3}},"type":"if","locations":[{"start":{"line":91,"column":2},"end":{"line":93,"column":3}},{"start":{},"end":{}}],"line":91},"20":{"loc":{"start":{"line":91,"column":6},"end":{"line":91,"column":32}},"type":"binary-expr","locations":[{"start":{"line":91,"column":6},"end":{"line":91,"column":15}},{"start":{"line":91,"column":19},"end":{"line":91,"column":32}}],"line":91},"21":{"loc":{"start":{"line":96,"column":2},"end":{"line":98,"column":3}},"type":"if","locations":[{"start":{"line":96,"column":2},"end":{"line":98,"column":3}},{"start":{},"end":{}}],"line":96},"22":{"loc":{"start":{"line":107,"column":4},"end":{"line":107,"column":72}},"type":"if","locations":[{"start":{"line":107,"column":4},"end":{"line":107,"column":72}},{"start":{},"end":{}}],"line":107},"23":{"loc":{"start":{"line":115,"column":2},"end":{"line":117,"column":3}},"type":"if","locations":[{"start":{"line":115,"column":2},"end":{"line":117,"column":3}},{"start":{},"end":{}}],"line":115},"24":{"loc":{"start":{"line":115,"column":6},"end":{"line":115,"column":32}},"type":"binary-expr","locations":[{"start":{"line":115,"column":6},"end":{"line":115,"column":15}},{"start":{"line":115,"column":19},"end":{"line":115,"column":32}}],"line":115}},"s":{"0":2,"1":7,"2":1,"3":6,"4":6,"5":3,"6":3,"7":3,"8":3,"9":0,"10":2,"11":6,"12":1,"13":5,"14":5,"15":1,"16":4,"17":4,"18":4,"19":2,"20":2,"21":0,"22":2,"23":4,"24":1,"25":3,"26":3,"27":0,"28":3,"29":3,"30":3,"31":3,"32":3,"33":2,"34":3,"35":0,"36":2,"37":4,"38":0,"39":4,"40":4,"41":1,"42":3,"43":3,"44":3,"45":1,"46":2,"47":0,"48":2,"49":4,"50":0,"51":4,"52":4,"53":4,"54":0,"55":2,"56":2,"57":2,"58":2,"59":2,"60":2,"61":0,"62":0},"f":{"0":7,"1":6,"2":4,"3":4,"4":4,"5":2},"b":{"0":[1,6],"1":[7,6],"2":[4],"3":[6],"4":[6],"5":[5],"6":[5],"7":[6],"8":[3,3],"9":[6,5],"10":[1,5],"11":[6,5],"12":[1,4],"13":[2,2],"14":[1,3],"15":[4,3],"16":[0,3],"17":[2,1],"18":[3,2],"19":[0,4],"20":[4,4],"21":[1,3],"22":[1,2],"23":[0,4],"24":[4,4]},"_coverageSchema":"1a1c01bbd47fc00a2c39e90264f33305004495a9","hash":"69010957975d564e3ba647a88e369dece6fa35f7"}
,"/Users/brandonkates/mern-project/server/controllers/userController.js": {"path":"/Users/brandonkates/mern-project/server/controllers/userController.js","statementMap":{"0":{"start":{"line":6,"column":20},"end":{"line":8,"column":1}},"1":{"start":{"line":7,"column":1},"end":{"line":7,"column":67}},"2":{"start":{"line":10,"column":21},"end":{"line":10,"column":72}},"3":{"start":{"line":11,"column":17},"end":{"line":11,"column":51}},"4":{"start":{"line":12,"column":27},"end":{"line":12,"column":58}},"5":{"start":{"line":12,"column":36},"end":{"line":12,"column":58}},"6":{"start":{"line":14,"column":18},"end":{"line":26,"column":1}},"7":{"start":{"line":15,"column":29},"end":{"line":15,"column":37}},"8":{"start":{"line":17,"column":1},"end":{"line":25,"column":2}},"9":{"start":{"line":18,"column":15},"end":{"line":18,"column":48}},"10":{"start":{"line":20,"column":16},"end":{"line":20,"column":37}},"11":{"start":{"line":22,"column":2},"end":{"line":22,"column":41}},"12":{"start":{"line":24,"column":2},"end":{"line":24,"column":49}},"13":{"start":{"line":28,"column":19},"end":{"line":70,"column":1}},"14":{"start":{"line":29,"column":29},"end":{"line":29,"column":37}},"15":{"start":{"line":31,"column":1},"end":{"line":69,"column":2}},"16":{"start":{"line":32,"column":15},"end":{"line":32,"column":49}},"17":{"start":{"line":33,"column":28},"end":{"line":33,"column":65}},"18":{"start":{"line":34,"column":2},"end":{"line":34,"column":20}},"19":{"start":{"line":36,"column":27},"end":{"line":38,"column":45}},"20":{"start":{"line":39,"column":18},"end":{"line":44,"column":3}},"21":{"start":{"line":46,"column":2},"end":{"line":61,"column":3}},"22":{"start":{"line":47,"column":3},"end":{"line":52,"column":6}},"23":{"start":{"line":54,"column":3},"end":{"line":54,"column":66}},"24":{"start":{"line":55,"column":3},"end":{"line":55,"column":38}},"25":{"start":{"line":56,"column":3},"end":{"line":56,"column":45}},"26":{"start":{"line":57,"column":3},"end":{"line":57,"column":21}},"27":{"start":{"line":58,"column":3},"end":{"line":60,"column":5}},"28":{"start":{"line":63,"column":2},"end":{"line":66,"column":5}},"29":{"start":{"line":68,"column":2},"end":{"line":68,"column":49}},"30":{"start":{"line":72,"column":20},"end":{"line":107,"column":1}},"31":{"start":{"line":73,"column":19},"end":{"line":73,"column":27}},"32":{"start":{"line":75,"column":1},"end":{"line":79,"column":2}},"33":{"start":{"line":76,"column":2},"end":{"line":78,"column":57}},"34":{"start":{"line":81,"column":1},"end":{"line":106,"column":2}},"35":{"start":{"line":82,"column":22},"end":{"line":85,"column":17}},"36":{"start":{"line":87,"column":15},"end":{"line":90,"column":4}},"37":{"start":{"line":92,"column":2},"end":{"line":96,"column":3}},"38":{"start":{"line":93,"column":3},"end":{"line":95,"column":6}},"39":{"start":{"line":98,"column":2},"end":{"line":98,"column":25}},"40":{"start":{"line":99,"column":2},"end":{"line":99,"column":37}},"41":{"start":{"line":100,"column":2},"end":{"line":100,"column":44}},"42":{"start":{"line":101,"column":2},"end":{"line":101,"column":20}},"43":{"start":{"line":103,"column":2},"end":{"line":103,"column":68}},"44":{"start":{"line":105,"column":2},"end":{"line":105,"column":49}},"45":{"start":{"line":109,"column":29},"end":{"line":164,"column":1}},"46":{"start":{"line":110,"column":19},"end":{"line":110,"column":27}},"47":{"start":{"line":112,"column":1},"end":{"line":114,"column":2}},"48":{"start":{"line":113,"column":2},"end":{"line":113,"column":65}},"49":{"start":{"line":116,"column":1},"end":{"line":163,"column":2}},"50":{"start":{"line":117,"column":15},"end":{"line":117,"column":44}},"51":{"start":{"line":119,"column":2},"end":{"line":124,"column":3}},"52":{"start":{"line":120,"column":3},"end":{"line":123,"column":6}},"53":{"start":{"line":126,"column":21},"end":{"line":126,"column":54}},"54":{"start":{"line":127,"column":2},"end":{"line":127,"column":20}},"55":{"start":{"line":129,"column":20},"end":{"line":131,"column":40}},"56":{"start":{"line":132,"column":18},"end":{"line":137,"column":3}},"57":{"start":{"line":139,"column":2},"end":{"line":155,"column":3}},"58":{"start":{"line":140,"column":3},"end":{"line":145,"column":6}},"59":{"start":{"line":147,"column":3},"end":{"line":147,"column":68}},"60":{"start":{"line":148,"column":3},"end":{"line":148,"column":39}},"61":{"start":{"line":149,"column":3},"end":{"line":149,"column":41}},"62":{"start":{"line":150,"column":3},"end":{"line":150,"column":21}},"63":{"start":{"line":151,"column":3},"end":{"line":154,"column":6}},"64":{"start":{"line":157,"column":2},"end":{"line":160,"column":5}},"65":{"start":{"line":162,"column":2},"end":{"line":162,"column":49}},"66":{"start":{"line":166,"column":22},"end":{"line":203,"column":1}},"67":{"start":{"line":167,"column":29},"end":{"line":167,"column":37}},"68":{"start":{"line":169,"column":1},"end":{"line":173,"column":2}},"69":{"start":{"line":170,"column":2},"end":{"line":172,"column":68}},"70":{"start":{"line":175,"column":1},"end":{"line":202,"column":2}},"71":{"start":{"line":176,"column":22},"end":{"line":179,"column":17}},"72":{"start":{"line":181,"column":15},"end":{"line":184,"column":4}},"73":{"start":{"line":186,"column":2},"end":{"line":190,"column":3}},"74":{"start":{"line":187,"column":3},"end":{"line":189,"column":64}},"75":{"start":{"line":192,"column":2},"end":{"line":192,"column":35}},"76":{"start":{"line":193,"column":2},"end":{"line":193,"column":38}},"77":{"start":{"line":194,"column":2},"end":{"line":194,"column":40}},"78":{"start":{"line":195,"column":2},"end":{"line":195,"column":20}},"79":{"start":{"line":197,"column":2},"end":{"line":199,"column":5}},"80":{"start":{"line":201,"column":2},"end":{"line":201,"column":49}}},"fnMap":{"0":{"name":"(anonymous_0)","decl":{"start":{"line":6,"column":20},"end":{"line":6,"column":21}},"loc":{"start":{"line":6,"column":29},"end":{"line":8,"column":1}},"line":6},"1":{"name":"(anonymous_1)","decl":{"start":{"line":12,"column":27},"end":{"line":12,"column":28}},"loc":{"start":{"line":12,"column":36},"end":{"line":12,"column":58}},"line":12},"2":{"name":"(anonymous_2)","decl":{"start":{"line":14,"column":18},"end":{"line":14,"column":19}},"loc":{"start":{"line":14,"column":38},"end":{"line":26,"column":1}},"line":14},"3":{"name":"(anonymous_3)","decl":{"start":{"line":28,"column":19},"end":{"line":28,"column":20}},"loc":{"start":{"line":28,"column":39},"end":{"line":70,"column":1}},"line":28},"4":{"name":"(anonymous_4)","decl":{"start":{"line":72,"column":20},"end":{"line":72,"column":21}},"loc":{"start":{"line":72,"column":40},"end":{"line":107,"column":1}},"line":72},"5":{"name":"(anonymous_5)","decl":{"start":{"line":109,"column":29},"end":{"line":109,"column":30}},"loc":{"start":{"line":109,"column":49},"end":{"line":164,"column":1}},"line":109},"6":{"name":"(anonymous_6)","decl":{"start":{"line":166,"column":22},"end":{"line":166,"column":23}},"loc":{"start":{"line":166,"column":42},"end":{"line":203,"column":1}},"line":166}},"branchMap":{"0":{"loc":{"start":{"line":10,"column":21},"end":{"line":10,"column":72}},"type":"binary-expr","locations":[{"start":{"line":10,"column":21},"end":{"line":10,"column":45}},{"start":{"line":10,"column":49},"end":{"line":10,"column":72}}],"line":10},"1":{"loc":{"start":{"line":11,"column":17},"end":{"line":11,"column":51}},"type":"binary-expr","locations":[{"start":{"line":11,"column":17},"end":{"line":11,"column":37}},{"start":{"line":11,"column":41},"end":{"line":11,"column":51}}],"line":11},"2":{"loc":{"start":{"line":75,"column":1},"end":{"line":79,"column":2}},"type":"if","locations":[{"start":{"line":75,"column":1},"end":{"line":79,"column":2}},{"start":{},"end":{}}],"line":75},"3":{"loc":{"start":{"line":92,"column":2},"end":{"line":96,"column":3}},"type":"if","locations":[{"start":{"line":92,"column":2},"end":{"line":96,"column":3}},{"start":{},"end":{}}],"line":92},"4":{"loc":{"start":{"line":112,"column":1},"end":{"line":114,"column":2}},"type":"if","locations":[{"start":{"line":112,"column":1},"end":{"line":114,"column":2}},{"start":{},"end":{}}],"line":112},"5":{"loc":{"start":{"line":119,"column":2},"end":{"line":124,"column":3}},"type":"if","locations":[{"start":{"line":119,"column":2},"end":{"line":124,"column":3}},{"start":{},"end":{}}],"line":119},"6":{"loc":{"start":{"line":169,"column":1},"end":{"line":173,"column":2}},"type":"if","locations":[{"start":{"line":169,"column":1},"end":{"line":173,"column":2}},{"start":{},"end":{}}],"line":169},"7":{"loc":{"start":{"line":169,"column":5},"end":{"line":169,"column":24}},"type":"binary-expr","locations":[{"start":{"line":169,"column":5},"end":{"line":169,"column":11}},{"start":{"line":169,"column":15},"end":{"line":169,"column":24}}],"line":169},"8":{"loc":{"start":{"line":186,"column":2},"end":{"line":190,"column":3}},"type":"if","locations":[{"start":{"line":186,"column":2},"end":{"line":190,"column":3}},{"start":{},"end":{}}],"line":186}},"s":{"0":2,"1":3,"2":2,"3":2,"4":2,"5":6,"6":2,"7":8,"8":8,"9":8,"10":3,"11":3,"12":5,"13":2,"14":8,"15":8,"16":8,"17":3,"18":3,"19":3,"20":3,"21":3,"22":3,"23":1,"24":1,"25":1,"26":1,"27":1,"28":2,"29":6,"30":2,"31":5,"32":5,"33":1,"34":4,"35":4,"36":4,"37":4,"38":2,"39":2,"40":2,"41":2,"42":2,"43":2,"44":0,"45":2,"46":5,"47":5,"48":1,"49":4,"50":4,"51":4,"52":1,"53":3,"54":3,"55":3,"56":3,"57":3,"58":3,"59":1,"60":1,"61":1,"62":1,"63":1,"64":2,"65":0,"66":2,"67":7,"68":7,"69":2,"70":5,"71":5,"72":5,"73":5,"74":2,"75":3,"76":2,"77":2,"78":2,"79":2,"80":1},"f":{"0":3,"1":6,"2":8,"3":8,"4":5,"5":5,"6":7},"b":{"0":[2,2],"1":[2,2],"2":[1,4],"3":[2,2],"4":[1,4],"5":[1,3],"6":[2,5],"7":[7,6],"8":[2,3]},"_coverageSchema":"1a1c01bbd47fc00a2c39e90264f33305004495a9","hash":"aeea2a03e29389241f1e56288efc5a64e4ebacfe"}
,"/Users/brandonkates/mern-project/server/middleware/requireAuth.js": {"path":"/Users/brandonkates/mern-project/server/middleware/requireAuth.js","statementMap":{"0":{"start":{"line":4,"column":20},"end":{"line":26,"column":1}},"1":{"start":{"line":5,"column":28},"end":{"line":5,"column":39}},"2":{"start":{"line":7,"column":2},"end":{"line":9,"column":3}},"3":{"start":{"line":8,"column":4},"end":{"line":8,"column":75}},"4":{"start":{"line":11,"column":16},"end":{"line":11,"column":43}},"5":{"start":{"line":13,"column":2},"end":{"line":25,"column":3}},"6":{"start":{"line":14,"column":20},"end":{"line":14,"column":57}},"7":{"start":{"line":15,"column":17},"end":{"line":15,"column":61}},"8":{"start":{"line":17,"column":4},"end":{"line":19,"column":5}},"9":{"start":{"line":18,"column":6},"end":{"line":18,"column":63}},"10":{"start":{"line":21,"column":4},"end":{"line":21,"column":20}},"11":{"start":{"line":22,"column":4},"end":{"line":22,"column":11}},"12":{"start":{"line":24,"column":4},"end":{"line":24,"column":65}}},"fnMap":{"0":{"name":"(anonymous_0)","decl":{"start":{"line":4,"column":20},"end":{"line":4,"column":21}},"loc":{"start":{"line":4,"column":46},"end":{"line":26,"column":1}},"line":4}},"branchMap":{"0":{"loc":{"start":{"line":7,"column":2},"end":{"line":9,"column":3}},"type":"if","locations":[{"start":{"line":7,"column":2},"end":{"line":9,"column":3}},{"start":{},"end":{}}],"line":7},"1":{"loc":{"start":{"line":7,"column":6},"end":{"line":7,"column":60}},"type":"binary-expr","locations":[{"start":{"line":7,"column":6},"end":{"line":7,"column":20}},{"start":{"line":7,"column":24},"end":{"line":7,"column":60}}],"line":7},"2":{"loc":{"start":{"line":17,"column":4},"end":{"line":19,"column":5}},"type":"if","locations":[{"start":{"line":17,"column":4},"end":{"line":19,"column":5}},{"start":{},"end":{}}],"line":17}},"s":{"0":2,"1":11,"2":11,"3":3,"4":8,"5":8,"6":8,"7":7,"8":7,"9":1,"10":6,"11":6,"12":1},"f":{"0":11},"b":{"0":[3,8],"1":[11,9],"2":[1,6]},"_coverageSchema":"1a1c01bbd47fc00a2c39e90264f33305004495a9","hash":"0211f33000d252dae52cc3fa7a0264378f61240b"}
,"/Users/brandonkates/mern-project/server/models/todoModel.js": {"path":"/Users/brandonkates/mern-project/server/models/todoModel.js","statementMap":{"0":{"start":{"line":3,"column":15},"end":{"line":3,"column":30}},"1":{"start":{"line":5,"column":19},"end":{"line":47,"column":1}}},"fnMap":{},"branchMap":{},"s":{"0":3,"1":3},"f":{},"b":{},"_coverageSchema":"1a1c01bbd47fc00a2c39e90264f33305004495a9","hash":"b77aef25892e37f8c362a7b9721ddbae7a99399e"}
,"/Users/brandonkates/mern-project/server/models/userModel.js": {"path":"/Users/brandonkates/mern-project/server/models/userModel.js","statementMap":{"0":{"start":{"line":6,"column":15},"end":{"line":6,"column":30}},"1":{"start":{"line":8,"column":19},"end":{"line":29,"column":1}},"2":{"start":{"line":31,"column":0},"end":{"line":53,"column":2}},"3":{"start":{"line":32,"column":1},"end":{"line":34,"column":2}},"4":{"start":{"line":33,"column":2},"end":{"line":33,"column":41}},"5":{"start":{"line":35,"column":1},"end":{"line":37,"column":2}},"6":{"start":{"line":36,"column":2},"end":{"line":36,"column":43}},"7":{"start":{"line":38,"column":1},"end":{"line":40,"column":2}},"8":{"start":{"line":39,"column":2},"end":{"line":39,"column":44}},"9":{"start":{"line":42,"column":16},"end":{"line":42,"column":45}},"10":{"start":{"line":43,"column":1},"end":{"line":45,"column":2}},"11":{"start":{"line":44,"column":2},"end":{"line":44,"column":38}},"12":{"start":{"line":47,"column":14},"end":{"line":47,"column":38}},"13":{"start":{"line":48,"column":14},"end":{"line":48,"column":47}},"14":{"start":{"line":50,"column":14},"end":{"line":50,"column":58}},"15":{"start":{"line":52,"column":1},"end":{"line":52,"column":13}},"16":{"start":{"line":55,"column":0},"end":{"line":76,"column":2}},"17":{"start":{"line":56,"column":1},"end":{"line":58,"column":2}},"18":{"start":{"line":57,"column":2},"end":{"line":57,"column":41}},"19":{"start":{"line":60,"column":14},"end":{"line":60,"column":43}},"20":{"start":{"line":61,"column":1},"end":{"line":63,"column":2}},"21":{"start":{"line":62,"column":2},"end":{"line":62,"column":43}},"22":{"start":{"line":65,"column":15},"end":{"line":65,"column":60}},"23":{"start":{"line":67,"column":1},"end":{"line":69,"column":2}},"24":{"start":{"line":68,"column":2},"end":{"line":68,"column":43}},"25":{"start":{"line":71,"column":1},"end":{"line":73,"column":2}},"26":{"start":{"line":72,"column":2},"end":{"line":72,"column":61}},"27":{"start":{"line":75,"column":1},"end":{"line":75,"column":13}},"28":{"start":{"line":78,"column":0},"end":{"line":87,"column":2}},"29":{"start":{"line":79,"column":18},"end":{"line":79,"column":56}},"30":{"start":{"line":80,"column":1},"end":{"line":83,"column":17}},"31":{"start":{"line":84,"column":1},"end":{"line":84,"column":35}},"32":{"start":{"line":85,"column":1},"end":{"line":85,"column":66}},"33":{"start":{"line":86,"column":1},"end":{"line":86,"column":17}},"34":{"start":{"line":89,"column":0},"end":{"line":97,"column":2}},"35":{"start":{"line":90,"column":18},"end":{"line":90,"column":56}},"36":{"start":{"line":91,"column":1},"end":{"line":94,"column":17}},"37":{"start":{"line":95,"column":1},"end":{"line":95,"column":57}},"38":{"start":{"line":96,"column":1},"end":{"line":96,"column":17}},"39":{"start":{"line":99,"column":0},"end":{"line":105,"column":2}},"40":{"start":{"line":100,"column":1},"end":{"line":102,"column":2}},"41":{"start":{"line":101,"column":2},"end":{"line":101,"column":44}},"42":{"start":{"line":103,"column":14},"end":{"line":103,"column":38}},"43":{"start":{"line":104,"column":1},"end":{"line":104,"column":51}}},"fnMap":{"0":{"name":"(anonymous_0)","decl":{"start":{"line":31,"column":28},"end":{"line":31,"column":29}},"loc":{"start":{"line":31,"column":61},"end":{"line":53,"column":1}},"line":31},"1":{"name":"(anonymous_1)","decl":{"start":{"line":55,"column":27},"end":{"line":55,"column":28}},"loc":{"start":{"line":55,"column":60},"end":{"line":76,"column":1}},"line":55},"2":{"name":"(anonymous_2)","decl":{"start":{"line":78,"column":52},"end":{"line":78,"column":53}},"loc":{"start":{"line":78,"column":64},"end":{"line":87,"column":1}},"line":78},"3":{"name":"(anonymous_3)","decl":{"start":{"line":89,"column":48},"end":{"line":89,"column":49}},"loc":{"start":{"line":89,"column":60},"end":{"line":97,"column":1}},"line":89},"4":{"name":"(anonymous_4)","decl":{"start":{"line":99,"column":33},"end":{"line":99,"column":34}},"loc":{"start":{"line":99,"column":59},"end":{"line":105,"column":1}},"line":99}},"branchMap":{"0":{"loc":{"start":{"line":32,"column":1},"end":{"line":34,"column":2}},"type":"if","locations":[{"start":{"line":32,"column":1},"end":{"line":34,"column":2}},{"start":{},"end":{}}],"line":32},"1":{"loc":{"start":{"line":32,"column":5},"end":{"line":32,"column":24}},"type":"binary-expr","locations":[{"start":{"line":32,"column":5},"end":{"line":32,"column":11}},{"start":{"line":32,"column":15},"end":{"line":32,"column":24}}],"line":32},"2":{"loc":{"start":{"line":35,"column":1},"end":{"line":37,"column":2}},"type":"if","locations":[{"start":{"line":35,"column":1},"end":{"line":37,"column":2}},{"start":{},"end":{}}],"line":35},"3":{"loc":{"start":{"line":38,"column":1},"end":{"line":40,"column":2}},"type":"if","locations":[{"start":{"line":38,"column":1},"end":{"line":40,"column":2}},{"start":{},"end":{}}],"line":38},"4":{"loc":{"start":{"line":43,"column":1},"end":{"line":45,"column":2}},"type":"if","locations":[{"start":{"line":43,"column":1},"end":{"line":45,"column":2}},{"start":{},"end":{}}],"line":43},"5":{"loc":{"start":{"line":56,"column":1},"end":{"line":58,"column":2}},"type":"if","locations":[{"start":{"line":56,"column":1},"end":{"line":58,"column":2}},{"start":{},"end":{}}],"line":56},"6":{"loc":{"start":{"line":56,"column":5},"end":{"line":56,"column":24}},"type":"binary-expr","locations":[{"start":{"line":56,"column":5},"end":{"line":56,"column":11}},{"start":{"line":56,"column":15},"end":{"line":56,"column":24}}],"line":56},"7":{"loc":{"start":{"line":61,"column":1},"end":{"line":63,"column":2}},"type":"if","locations":[{"start":{"line":61,"column":1},"end":{"line":63,"column":2}},{"start":{},"end":{}}],"line":61},"8":{"loc":{"start":{"line":67,"column":1},"end":{"line":69,"column":2}},"type":"if","locations":[{"start":{"line":67,"column":1},"end":{"line":69,"column":2}},{"start":{},"end":{}}],"line":67},"9":{"loc":{"start":{"line":71,"column":1},"end":{"line":73,"column":2}},"type":"if","locations":[{"start":{"line":71,"column":1},"end":{"line":73,"column":2}},{"start":{},"end":{}}],"line":71},"10":{"loc":{"start":{"line":100,"column":1},"end":{"line":102,"column":2}},"type":"if","locations":[{"start":{"line":100,"column":1},"end":{"line":102,"column":2}},{"start":{},"end":{}}],"line":100}},"s":{"0":5,"1":5,"2":5,"3":53,"4":4,"5":49,"6":2,"7":47,"8":2,"9":45,"10":45,"11":2,"12":43,"13":43,"14":43,"15":43,"16":5,"17":15,"18":4,"19":11,"20":11,"21":2,"22":9,"23":9,"24":2,"25":7,"26":2,"27":5,"28":5,"29":9,"30":9,"31":9,"32":9,"33":9,"34":5,"35":11,"36":11,"37":11,"38":11,"39":5,"40":5,"41":2,"42":3,"43":3},"f":{"0":53,"1":15,"2":9,"3":11,"4":5},"b":{"0":[4,49],"1":[53,51],"2":[2,47],"3":[2,45],"4":[2,43],"5":[4,11],"6":[15,13],"7":[2,9],"8":[2,7],"9":[2,5],"10":[2,3]},"_coverageSchema":"1a1c01bbd47fc00a2c39e90264f33305004495a9","hash":"2c50e2091b2739eef60f7160fcdac87d9f7fffc4"}
,"/Users/brandonkates/mern-project/server/routes/todo.js": {"path":"/Users/brandonkates/mern-project/server/routes/todo.js","statementMap":{"0":{"start":{"line":5,"column":90},"end":{"line":5,"column":104}},"1":{"start":{"line":7,"column":15},"end":{"line":7,"column":31}},"2":{"start":{"line":9,"column":0},"end":{"line":9,"column":24}},"3":{"start":{"line":11,"column":0},"end":{"line":11,"column":32}},"4":{"start":{"line":13,"column":0},"end":{"line":13,"column":37}},"5":{"start":{"line":14,"column":0},"end":{"line":14,"column":29}},"6":{"start":{"line":15,"column":0},"end":{"line":15,"column":34}},"7":{"start":{"line":16,"column":0},"end":{"line":16,"column":33}},"8":{"start":{"line":17,"column":0},"end":{"line":17,"column":42}}},"fnMap":{},"branchMap":{},"s":{"0":1,"1":1,"2":1,"3":1,"4":1,"5":1,"6":1,"7":1,"8":1},"f":{},"b":{},"_coverageSchema":"1a1c01bbd47fc00a2c39e90264f33305004495a9","hash":"4c06f7b5ee85c61e4e7830c2f86f912b387ae652"}
,"/Users/brandonkates/mern-project/server/routes/user.js": {"path":"/Users/brandonkates/mern-project/server/routes/user.js","statementMap":{"0":{"start":{"line":10,"column":4},"end":{"line":10,"column":18}},"1":{"start":{"line":12,"column":15},"end":{"line":12,"column":31}},"2":{"start":{"line":14,"column":0},"end":{"line":14,"column":33}},"3":{"start":{"line":16,"column":0},"end":{"line":16,"column":35}},"4":{"start":{"line":18,"column":0},"end":{"line":18,"column":42}},"5":{"start":{"line":20,"column":0},"end":{"line":20,"column":61}},"6":{"start":{"line":22,"column":0},"end":{"line":22,"column":46}}},"fnMap":{},"branchMap":{},"s":{"0":1,"1":1,"2":1,"3":1,"4":1,"5":1,"6":1},"f":{},"b":{},"_coverageSchema":"1a1c01bbd47fc00a2c39e90264f33305004495a9","hash":"8e4e9764557d39fa3d52f4c0aa105984f4b8689e"}
,"/Users/brandonkates/mern-project/server/utils/sendEmail.js": {"path":"/Users/brandonkates/mern-project/server/utils/sendEmail.js","statementMap":{"0":{"start":{"line":5,"column":27},"end":{"line":33,"column":1}},"1":{"start":{"line":6,"column":1},"end":{"line":8,"column":2}},"2":{"start":{"line":7,"column":2},"end":{"line":7,"column":27}},"3":{"start":{"line":11,"column":2},"end":{"line":11,"column":13}},"4":{"start":{"line":13,"column":1},"end":{"line":17,"column":2}},"5":{"start":{"line":14,"column":2},"end":{"line":16,"column":4}},"6":{"start":{"line":19,"column":1},"end":{"line":30,"column":4}},"7":{"start":{"line":32,"column":1},"end":{"line":32,"column":26}},"8":{"start":{"line":35,"column":20},"end":{"line":38,"column":1}},"9":{"start":{"line":36,"column":35},"end":{"line":36,"column":46}},"10":{"start":{"line":37,"column":1},"end":{"line":37,"column":58}},"11":{"start":{"line":40,"column":18},"end":{"line":57,"column":1}},"12":{"start":{"line":41,"column":1},"end":{"line":43,"column":2}},"13":{"start":{"line":42,"column":2},"end":{"line":42,"column":50}},"14":{"start":{"line":44,"column":1},"end":{"line":46,"column":2}},"15":{"start":{"line":45,"column":2},"end":{"line":45,"column":48}},"16":{"start":{"line":48,"column":21},"end":{"line":48,"column":41}},"17":{"start":{"line":50,"column":1},"end":{"line":56,"column":4}}},"fnMap":{"0":{"name":"(anonymous_0)","decl":{"start":{"line":5,"column":27},"end":{"line":5,"column":28}},"loc":{"start":{"line":5,"column":33},"end":{"line":33,"column":1}},"line":5},"1":{"name":"(anonymous_1)","decl":{"start":{"line":35,"column":20},"end":{"line":35,"column":21}},"loc":{"start":{"line":35,"column":26},"end":{"line":38,"column":1}},"line":35},"2":{"name":"(anonymous_2)","decl":{"start":{"line":40,"column":18},"end":{"line":40,"column":19}},"loc":{"start":{"line":40,"column":57},"end":{"line":57,"column":1}},"line":40}},"branchMap":{"0":{"loc":{"start":{"line":6,"column":1},"end":{"line":8,"column":2}},"type":"if","locations":[{"start":{"line":6,"column":1},"end":{"line":8,"column":2}},{"start":{},"end":{}}],"line":6},"1":{"loc":{"start":{"line":13,"column":1},"end":{"line":17,"column":2}},"type":"if","locations":[{"start":{"line":13,"column":1},"end":{"line":17,"column":2}},{"start":{},"end":{}}],"line":13},"2":{"loc":{"start":{"line":13,"column":5},"end":{"line":13,"column":29}},"type":"binary-expr","locations":[{"start":{"line":13,"column":5},"end":{"line":13,"column":15}},{"start":{"line":13,"column":19},"end":{"line":13,"column":29}}],"line":13},"3":{"loc":{"start":{"line":24,"column":3},"end":{"line":29,"column":15}},"type":"cond-expr","locations":[{"start":{"line":25,"column":6},"end":{"line":28,"column":7}},{"start":{"line":29,"column":6},"end":{"line":29,"column":15}}],"line":24},"4":{"loc":{"start":{"line":24,"column":3},"end":{"line":24,"column":25}},"type":"binary-expr","locations":[{"start":{"line":24,"column":3},"end":{"line":24,"column":12}},{"start":{"line":24,"column":16},"end":{"line":24,"column":25}}],"line":24},"5":{"loc":{"start":{"line":37,"column":8},"end":{"line":37,"column":57}},"type":"binary-expr","locations":[{"start":{"line":37,"column":8},"end":{"line":37,"column":18}},{"start":{"line":37,"column":22},"end":{"line":37,"column":31}},{"start":{"line":37,"column":35},"end":{"line":37,"column":57}}],"line":37},"6":{"loc":{"start":{"line":41,"column":1},"end":{"line":43,"column":2}},"type":"if","locations":[{"start":{"line":41,"column":1},"end":{"line":43,"column":2}},{"start":{},"end":{}}],"line":41},"7":{"loc":{"start":{"line":44,"column":1},"end":{"line":46,"column":2}},"type":"if","locations":[{"start":{"line":44,"column":1},"end":{"line":46,"column":2}},{"start":{},"end":{}}],"line":44}},"s":{"0":1,"1":2,"2":0,"3":2,"4":2,"5":2,"6":0,"7":0,"8":1,"9":0,"10":0,"11":1,"12":4,"13":1,"14":3,"15":1,"16":2,"17":0},"f":{"0":2,"1":0,"2":4},"b":{"0":[0,2],"1":[2,0],"2":[2,1],"3":[0,0],"4":[0,0],"5":[0,0,0],"6":[1,3],"7":[1,2]},"_coverageSchema":"1a1c01bbd47fc00a2c39e90264f33305004495a9","hash":"6194959bb322d0a12c470776ebae8d6f35573665"}
}
