TN:
SF:server/controllers/todoController.js
FN:4,(anonymous_0)
FN:43,(anonymous_1)
FN:67,(anonymous_2)
FN:90,(anonymous_3)
FN:114,(anonymous_4)
FN:127,(anonymous_5)
FNF:6
FNH:6
FNDA:7,(anonymous_0)
FNDA:6,(anonymous_1)
FNDA:4,(anonymous_2)
FNDA:4,(anonymous_3)
FNDA:4,(anonymous_4)
FNDA:2,(anonymous_5)
DA:4,2
DA:5,7
DA:6,1
DA:18,6
DA:20,6
DA:21,3
DA:24,3
DA:25,3
DA:37,3
DA:39,0
DA:43,2
DA:44,6
DA:45,1
DA:48,5
DA:50,5
DA:51,1
DA:54,4
DA:55,4
DA:57,4
DA:58,2
DA:61,2
DA:63,0
DA:67,2
DA:68,4
DA:69,1
DA:72,3
DA:74,3
DA:75,0
DA:78,3
DA:79,3
DA:80,3
DA:81,3
DA:82,3
DA:83,2
DA:85,3
DA:87,0
DA:90,2
DA:91,4
DA:92,0
DA:95,4
DA:96,4
DA:97,1
DA:100,3
DA:101,3
DA:107,3
DA:109,2
DA:111,0
DA:114,2
DA:115,4
DA:116,0
DA:119,4
DA:120,4
DA:121,4
DA:123,0
DA:127,2
DA:128,2
DA:129,2
DA:131,2
DA:133,2
DA:138,2
DA:140,0
DA:141,0
LF:62
LH:52
BRDA:5,0,0,1
BRDA:5,0,1,6
BRDA:5,1,0,7
BRDA:5,1,1,6
BRDA:12,2,0,4
BRDA:13,3,0,6
BRDA:14,4,0,6
BRDA:15,5,0,5
BRDA:16,6,0,5
BRDA:17,7,0,6
BRDA:20,8,0,3
BRDA:20,8,1,3
BRDA:20,9,0,6
BRDA:20,9,1,5
BRDA:44,10,0,1
BRDA:44,10,1,5
BRDA:44,11,0,6
BRDA:44,11,1,5
BRDA:50,12,0,1
BRDA:50,12,1,4
BRDA:57,13,0,2
BRDA:57,13,1,2
BRDA:68,14,0,1
BRDA:68,14,1,3
BRDA:68,15,0,4
BRDA:68,15,1,3
BRDA:74,16,0,0
BRDA:74,16,1,3
BRDA:82,17,0,2
BRDA:82,17,1,1
BRDA:82,18,0,3
BRDA:82,18,1,2
BRDA:91,19,0,0
BRDA:91,19,1,4
BRDA:91,20,0,4
BRDA:91,20,1,4
BRDA:96,21,0,1
BRDA:96,21,1,3
BRDA:107,22,0,1
BRDA:107,22,1,2
BRDA:115,23,0,0
BRDA:115,23,1,4
BRDA:115,24,0,4
BRDA:115,24,1,4
BRF:44
BRH:41
end_of_record
TN:
SF:server/controllers/userController.js
FN:6,(anonymous_0)
FN:12,(anonymous_1)
FN:14,(anonymous_2)
FN:28,(anonymous_3)
FN:72,(anonymous_4)
FN:109,(anonymous_5)
FN:166,(anonymous_6)
FNF:7
FNH:7
FNDA:3,(anonymous_0)
FNDA:6,(anonymous_1)
FNDA:8,(anonymous_2)
FNDA:8,(anonymous_3)
FNDA:5,(anonymous_4)
FNDA:5,(anonymous_5)
FNDA:7,(anonymous_6)
DA:6,2
DA:7,3
DA:10,2
DA:11,2
DA:12,6
DA:14,2
DA:15,8
DA:17,8
DA:18,8
DA:20,3
DA:22,3
DA:24,5
DA:28,2
DA:29,8
DA:31,8
DA:32,8
DA:33,3
DA:34,3
DA:36,3
DA:39,3
DA:46,3
DA:47,3
DA:54,1
DA:55,1
DA:56,1
DA:57,1
DA:58,1
DA:63,2
DA:68,6
DA:72,2
DA:73,5
DA:75,5
DA:76,1
DA:81,4
DA:82,4
DA:87,4
DA:92,4
DA:93,2
DA:98,2
DA:99,2
DA:100,2
DA:101,2
DA:103,2
DA:105,0
DA:109,2
DA:110,5
DA:112,5
DA:113,1
DA:116,4
DA:117,4
DA:119,4
DA:120,1
DA:126,3
DA:127,3
DA:129,3
DA:132,3
DA:139,3
DA:140,3
DA:147,1
DA:148,1
DA:149,1
DA:150,1
DA:151,1
DA:157,2
DA:162,0
DA:166,2
DA:167,7
DA:169,7
DA:170,2
DA:175,5
DA:176,5
DA:181,5
DA:186,5
DA:187,2
DA:192,3
DA:193,2
DA:194,2
DA:195,2
DA:197,2
DA:201,1
LF:80
LH:78
BRDA:10,0,0,2
BRDA:10,0,1,2
BRDA:11,1,0,2
BRDA:11,1,1,2
BRDA:75,2,0,1
BRDA:75,2,1,4
BRDA:92,3,0,2
BRDA:92,3,1,2
BRDA:112,4,0,1
BRDA:112,4,1,4
BRDA:119,5,0,1
BRDA:119,5,1,3
BRDA:169,6,0,2
BRDA:169,6,1,5
BRDA:169,7,0,7
BRDA:169,7,1,6
BRDA:186,8,0,2
BRDA:186,8,1,3
BRF:18
BRH:18
end_of_record
TN:
SF:server/middleware/requireAuth.js
FN:4,(anonymous_0)
FNF:1
FNH:1
FNDA:11,(anonymous_0)
DA:4,2
DA:5,11
DA:7,11
DA:8,3
DA:11,8
DA:13,8
DA:14,8
DA:15,7
DA:17,7
DA:18,1
DA:21,6
DA:22,6
DA:24,1
LF:13
LH:13
BRDA:7,0,0,3
BRDA:7,0,1,8
BRDA:7,1,0,11
BRDA:7,1,1,9
BRDA:17,2,0,1
BRDA:17,2,1,6
BRF:6
BRH:6
end_of_record
TN:
SF:server/models/todoModel.js
FNF:0
FNH:0
DA:3,3
DA:5,3
LF:2
LH:2
BRF:0
BRH:0
end_of_record
TN:
SF:server/models/userModel.js
FN:31,(anonymous_0)
FN:55,(anonymous_1)
FN:78,(anonymous_2)
FN:89,(anonymous_3)
FN:99,(anonymous_4)
FNF:5
FNH:5
FNDA:53,(anonymous_0)
FNDA:15,(anonymous_1)
FNDA:9,(anonymous_2)
FNDA:11,(anonymous_3)
FNDA:5,(anonymous_4)
DA:6,5
DA:8,5
DA:31,5
DA:32,53
DA:33,4
DA:35,49
DA:36,2
DA:38,47
DA:39,2
DA:42,45
DA:43,45
DA:44,2
DA:47,43
DA:48,43
DA:50,43
DA:52,43
DA:55,5
DA:56,15
DA:57,4
DA:60,11
DA:61,11
DA:62,2
DA:65,9
DA:67,9
DA:68,2
DA:71,7
DA:72,2
DA:75,5
DA:78,5
DA:79,9
DA:80,9
DA:84,9
DA:85,9
DA:86,9
DA:89,5
DA:90,11
DA:91,11
DA:95,11
DA:96,11
DA:99,5
DA:100,5
DA:101,2
DA:103,3
DA:104,3
LF:44
LH:44
BRDA:32,0,0,4
BRDA:32,0,1,49
BRDA:32,1,0,53
BRDA:32,1,1,51
BRDA:35,2,0,2
BRDA:35,2,1,47
BRDA:38,3,0,2
BRDA:38,3,1,45
BRDA:43,4,0,2
BRDA:43,4,1,43
BRDA:56,5,0,4
BRDA:56,5,1,11
BRDA:56,6,0,15
BRDA:56,6,1,13
BRDA:61,7,0,2
BRDA:61,7,1,9
BRDA:67,8,0,2
BRDA:67,8,1,7
BRDA:71,9,0,2
BRDA:71,9,1,5
BRDA:100,10,0,2
BRDA:100,10,1,3
BRF:22
BRH:22
end_of_record
TN:
SF:server/routes/todo.js
FNF:0
FNH:0
DA:5,1
DA:7,1
DA:9,1
DA:11,1
DA:13,1
DA:14,1
DA:15,1
DA:16,1
DA:17,1
LF:9
LH:9
BRF:0
BRH:0
end_of_record
TN:
SF:server/routes/user.js
FNF:0
FNH:0
DA:10,1
DA:12,1
DA:14,1
DA:16,1
DA:18,1
DA:20,1
DA:22,1
LF:7
LH:7
BRF:0
BRH:0
end_of_record
TN:
SF:server/utils/sendEmail.js
FN:5,(anonymous_0)
FN:35,(anonymous_1)
FN:40,(anonymous_2)
FNF:3
FNH:2
FNDA:2,(anonymous_0)
FNDA:0,(anonymous_1)
FNDA:4,(anonymous_2)
DA:5,1
DA:6,2
DA:7,0
DA:11,2
DA:13,2
DA:14,2
DA:19,0
DA:32,0
DA:35,1
DA:36,0
DA:37,0
DA:40,1
DA:41,4
DA:42,1
DA:44,3
DA:45,1
DA:48,2
DA:50,0
LF:18
LH:12
BRDA:6,0,0,0
BRDA:6,0,1,2
BRDA:13,1,0,2
BRDA:13,1,1,0
BRDA:13,2,0,2
BRDA:13,2,1,1
BRDA:24,3,0,0
BRDA:24,3,1,0
BRDA:24,4,0,0
BRDA:24,4,1,0
BRDA:37,5,0,0
BRDA:37,5,1,0
BRDA:37,5,2,0
BRDA:41,6,0,1
BRDA:41,6,1,3
BRDA:44,7,0,1
BRDA:44,7,1,2
BRF:17
BRH:8
end_of_record
